> Task :gradle-plugin:react-native-gradle-plugin:checkKotlinGradlePluginConfigurationErrors
> Task :gradle-plugin:react-native-gradle-plugin:compileKotlin UP-TO-DATE
> Task :gradle-plugin:react-native-gradle-plugin:compileJava NO-SOURCE
> Task :gradle-plugin:react-native-gradle-plugin:pluginDescriptors UP-TO-DATE
> Task :gradle-plugin:react-native-gradle-plugin:processResources UP-TO-DATE
> Task :gradle-plugin:react-native-gradle-plugin:classes UP-TO-DATE
> Task :gradle-plugin:react-native-gradle-plugin:jar UP-TO-DATE

> Configure project :react-native-reanimated
Android gradle plugin: 8.2.1
Gradle: 8.6

> Task :app:generateCodegenSchemaFromJavaScript SKIPPED
> Task :app:generateCodegenArtifactsFromSchema SKIPPED
> Task :app:generatePackageList
> Task :app:preBuild
> Task :app:preDebugBuild
> Task :app:mergeDebugNativeDebugMetadata NO-SOURCE
> Task :app:checkKotlinGradlePluginConfigurationErrors
> Task :app:generateDebugBuildConfig UP-TO-DATE
> Task :react-native-background-fetch:preBuild UP-TO-DATE
> Task :react-native-background-fetch:preDebugBuild UP-TO-DATE
> Task :react-native-background-fetch:writeDebugAarMetadata UP-TO-DATE
> Task :react-native-biometrics:preBuild UP-TO-DATE
> Task :react-native-biometrics:preDebugBuild UP-TO-DATE
> Task :react-native-biometrics:writeDebugAarMetadata UP-TO-DATE
> Task :react-native-community_netinfo:preBuild UP-TO-DATE
> Task :react-native-community_netinfo:preDebugBuild UP-TO-DATE
> Task :react-native-community_netinfo:writeDebugAarMetadata UP-TO-DATE
> Task :react-native-document-picker:preBuild UP-TO-DATE
> Task :react-native-document-picker:preDebugBuild UP-TO-DATE
> Task :react-native-document-picker:writeDebugAarMetadata UP-TO-DATE
> Task :react-native-encrypted-storage:preBuild UP-TO-DATE
> Task :react-native-encrypted-storage:preDebugBuild UP-TO-DATE
> Task :react-native-encrypted-storage:writeDebugAarMetadata UP-TO-DATE
> Task :react-native-gesture-handler:preBuild UP-TO-DATE
> Task :react-native-gesture-handler:preDebugBuild UP-TO-DATE
> Task :react-native-gesture-handler:writeDebugAarMetadata UP-TO-DATE
> Task :react-native-haptic-feedback:preBuild UP-TO-DATE
> Task :react-native-haptic-feedback:preDebugBuild UP-TO-DATE
> Task :react-native-haptic-feedback:writeDebugAarMetadata UP-TO-DATE
> Task :react-native-keychain:preBuild UP-TO-DATE
> Task :react-native-keychain:preDebugBuild UP-TO-DATE
> Task :react-native-keychain:writeDebugAarMetadata UP-TO-DATE
> Task :react-native-reanimated:assertLatestReactNativeWithNewArchitectureTask SKIPPED
> Task :react-native-reanimated:assertMinimalReactNativeVersionTask SKIPPED
> Task :react-native-reanimated:prepareReanimatedHeadersForPrefabs UP-TO-DATE
> Task :react-native-reanimated:prepareWorkletsHeadersForPrefabs UP-TO-DATE
> Task :react-native-reanimated:preBuild UP-TO-DATE
> Task :react-native-reanimated:preDebugBuild UP-TO-DATE
> Task :react-native-reanimated:writeDebugAarMetadata UP-TO-DATE
> Task :react-native-safe-area-context:preBuild UP-TO-DATE
> Task :react-native-safe-area-context:preDebugBuild UP-TO-DATE
> Task :react-native-safe-area-context:writeDebugAarMetadata UP-TO-DATE
> Task :react-native-screens:preBuild UP-TO-DATE
> Task :react-native-screens:preDebugBuild UP-TO-DATE
> Task :react-native-screens:writeDebugAarMetadata UP-TO-DATE
> Task :react-native-vector-icons:preBuild UP-TO-DATE
> Task :react-native-vector-icons:preDebugBuild UP-TO-DATE
> Task :react-native-vector-icons:writeDebugAarMetadata UP-TO-DATE
> Task :react-native-webview:preBuild UP-TO-DATE
> Task :react-native-webview:preDebugBuild UP-TO-DATE
> Task :react-native-webview:writeDebugAarMetadata UP-TO-DATE
> Task :realm:preBuild UP-TO-DATE
> Task :realm:preDebugBuild UP-TO-DATE
> Task :realm:writeDebugAarMetadata UP-TO-DATE
> Task :app:checkDebugAarMetadata UP-TO-DATE
> Task :app:generateDebugResValues UP-TO-DATE
> Task :react-native-background-fetch:generateDebugResValues UP-TO-DATE
> Task :react-native-background-fetch:generateDebugResources UP-TO-DATE
> Task :react-native-background-fetch:packageDebugResources UP-TO-DATE
> Task :react-native-biometrics:generateDebugResValues UP-TO-DATE
> Task :react-native-biometrics:generateDebugResources UP-TO-DATE
> Task :react-native-biometrics:packageDebugResources UP-TO-DATE
> Task :react-native-community_netinfo:generateDebugResValues UP-TO-DATE
> Task :react-native-community_netinfo:generateDebugResources UP-TO-DATE
> Task :react-native-community_netinfo:packageDebugResources UP-TO-DATE
> Task :react-native-document-picker:generateDebugResValues UP-TO-DATE
> Task :react-native-document-picker:generateDebugResources UP-TO-DATE
> Task :react-native-document-picker:packageDebugResources UP-TO-DATE
> Task :react-native-encrypted-storage:generateDebugResValues UP-TO-DATE
> Task :react-native-encrypted-storage:generateDebugResources UP-TO-DATE
> Task :react-native-encrypted-storage:packageDebugResources UP-TO-DATE
> Task :react-native-gesture-handler:generateDebugResValues UP-TO-DATE
> Task :react-native-gesture-handler:generateDebugResources UP-TO-DATE
> Task :react-native-gesture-handler:packageDebugResources UP-TO-DATE
> Task :react-native-haptic-feedback:generateDebugResValues UP-TO-DATE
> Task :react-native-haptic-feedback:generateDebugResources UP-TO-DATE
> Task :react-native-haptic-feedback:packageDebugResources UP-TO-DATE
> Task :react-native-keychain:generateDebugResValues UP-TO-DATE
> Task :react-native-keychain:generateDebugResources UP-TO-DATE
> Task :react-native-keychain:packageDebugResources UP-TO-DATE
> Task :react-native-reanimated:generateDebugResValues UP-TO-DATE
> Task :react-native-reanimated:generateDebugResources UP-TO-DATE
> Task :react-native-reanimated:packageDebugResources UP-TO-DATE
> Task :react-native-safe-area-context:generateDebugResValues UP-TO-DATE
> Task :react-native-safe-area-context:generateDebugResources UP-TO-DATE
> Task :react-native-safe-area-context:packageDebugResources UP-TO-DATE
> Task :react-native-screens:generateDebugResValues UP-TO-DATE
> Task :react-native-screens:generateDebugResources UP-TO-DATE
> Task :react-native-screens:packageDebugResources UP-TO-DATE
> Task :react-native-vector-icons:generateDebugResValues UP-TO-DATE
> Task :react-native-vector-icons:generateDebugResources UP-TO-DATE
> Task :react-native-vector-icons:packageDebugResources UP-TO-DATE
> Task :react-native-webview:generateDebugResValues UP-TO-DATE
> Task :react-native-webview:generateDebugResources UP-TO-DATE
> Task :react-native-webview:packageDebugResources UP-TO-DATE
> Task :realm:generateDebugResValues UP-TO-DATE
> Task :realm:generateDebugResources UP-TO-DATE
> Task :realm:packageDebugResources UP-TO-DATE
> Task :app:mapDebugSourceSetPaths UP-TO-DATE
> Task :app:generateDebugResources UP-TO-DATE
> Task :app:mergeDebugResources UP-TO-DATE
> Task :app:packageDebugResources UP-TO-DATE
> Task :app:parseDebugLocalResources UP-TO-DATE
> Task :app:createDebugCompatibleScreenManifests UP-TO-DATE
> Task :app:extractDeepLinksDebug UP-TO-DATE
> Task :react-native-background-fetch:extractDeepLinksDebug UP-TO-DATE
> Task :react-native-background-fetch:processDebugManifest UP-TO-DATE
> Task :react-native-biometrics:extractDeepLinksDebug UP-TO-DATE
> Task :react-native-biometrics:processDebugManifest UP-TO-DATE
> Task :react-native-community_netinfo:extractDeepLinksDebug UP-TO-DATE
> Task :react-native-community_netinfo:processDebugManifest UP-TO-DATE
> Task :react-native-document-picker:extractDeepLinksDebug UP-TO-DATE
> Task :react-native-document-picker:processDebugManifest UP-TO-DATE
> Task :react-native-encrypted-storage:extractDeepLinksDebug UP-TO-DATE
> Task :react-native-encrypted-storage:processDebugManifest UP-TO-DATE
> Task :react-native-gesture-handler:extractDeepLinksDebug UP-TO-DATE
> Task :react-native-gesture-handler:processDebugManifest UP-TO-DATE
> Task :react-native-haptic-feedback:extractDeepLinksDebug UP-TO-DATE
> Task :react-native-haptic-feedback:processDebugManifest UP-TO-DATE
> Task :react-native-keychain:extractDeepLinksDebug UP-TO-DATE
> Task :react-native-keychain:processDebugManifest UP-TO-DATE
> Task :react-native-reanimated:extractDeepLinksDebug UP-TO-DATE
> Task :react-native-reanimated:processDebugManifest UP-TO-DATE
> Task :react-native-safe-area-context:extractDeepLinksDebug UP-TO-DATE
> Task :react-native-safe-area-context:processDebugManifest UP-TO-DATE
> Task :react-native-screens:extractDeepLinksDebug UP-TO-DATE
> Task :react-native-screens:processDebugManifest UP-TO-DATE
> Task :react-native-vector-icons:extractDeepLinksDebug UP-TO-DATE
> Task :react-native-vector-icons:processDebugManifest UP-TO-DATE
> Task :react-native-webview:extractDeepLinksDebug UP-TO-DATE
> Task :react-native-webview:processDebugManifest UP-TO-DATE
> Task :realm:extractDeepLinksDebug UP-TO-DATE
> Task :realm:processDebugManifest UP-TO-DATE
> Task :app:processDebugMainManifest UP-TO-DATE
> Task :app:processDebugManifest UP-TO-DATE
> Task :app:processDebugManifestForPackage UP-TO-DATE
> Task :react-native-background-fetch:compileDebugLibraryResources UP-TO-DATE
> Task :react-native-background-fetch:parseDebugLocalResources UP-TO-DATE
> Task :react-native-background-fetch:generateDebugRFile UP-TO-DATE
> Task :react-native-biometrics:compileDebugLibraryResources UP-TO-DATE
> Task :react-native-biometrics:parseDebugLocalResources UP-TO-DATE
> Task :react-native-biometrics:generateDebugRFile UP-TO-DATE
> Task :react-native-community_netinfo:compileDebugLibraryResources UP-TO-DATE
> Task :react-native-community_netinfo:parseDebugLocalResources UP-TO-DATE
> Task :react-native-community_netinfo:generateDebugRFile UP-TO-DATE
> Task :react-native-document-picker:compileDebugLibraryResources UP-TO-DATE
> Task :react-native-document-picker:parseDebugLocalResources UP-TO-DATE
> Task :react-native-document-picker:generateDebugRFile UP-TO-DATE
> Task :react-native-encrypted-storage:compileDebugLibraryResources UP-TO-DATE
> Task :react-native-encrypted-storage:parseDebugLocalResources UP-TO-DATE
> Task :react-native-encrypted-storage:generateDebugRFile UP-TO-DATE
> Task :react-native-gesture-handler:compileDebugLibraryResources UP-TO-DATE
> Task :react-native-gesture-handler:parseDebugLocalResources UP-TO-DATE
> Task :react-native-gesture-handler:generateDebugRFile UP-TO-DATE
> Task :react-native-haptic-feedback:compileDebugLibraryResources UP-TO-DATE
> Task :react-native-haptic-feedback:parseDebugLocalResources UP-TO-DATE
> Task :react-native-haptic-feedback:generateDebugRFile UP-TO-DATE
> Task :react-native-keychain:compileDebugLibraryResources UP-TO-DATE
> Task :react-native-keychain:parseDebugLocalResources UP-TO-DATE
> Task :react-native-keychain:generateDebugRFile UP-TO-DATE
> Task :react-native-reanimated:compileDebugLibraryResources UP-TO-DATE
> Task :react-native-reanimated:parseDebugLocalResources UP-TO-DATE
> Task :react-native-reanimated:generateDebugRFile UP-TO-DATE
> Task :react-native-safe-area-context:compileDebugLibraryResources UP-TO-DATE
> Task :react-native-safe-area-context:parseDebugLocalResources UP-TO-DATE
> Task :react-native-safe-area-context:generateDebugRFile UP-TO-DATE
> Task :react-native-screens:compileDebugLibraryResources UP-TO-DATE
> Task :react-native-screens:parseDebugLocalResources UP-TO-DATE
> Task :react-native-screens:generateDebugRFile UP-TO-DATE
> Task :react-native-vector-icons:compileDebugLibraryResources UP-TO-DATE
> Task :react-native-vector-icons:parseDebugLocalResources UP-TO-DATE
> Task :react-native-vector-icons:generateDebugRFile UP-TO-DATE
> Task :react-native-webview:compileDebugLibraryResources UP-TO-DATE
> Task :react-native-webview:parseDebugLocalResources UP-TO-DATE
> Task :react-native-webview:generateDebugRFile UP-TO-DATE
> Task :realm:compileDebugLibraryResources UP-TO-DATE
> Task :realm:parseDebugLocalResources UP-TO-DATE
> Task :realm:generateDebugRFile UP-TO-DATE
> Task :app:processDebugResources UP-TO-DATE
> Task :react-native-background-fetch:generateDebugBuildConfig UP-TO-DATE
> Task :react-native-background-fetch:javaPreCompileDebug UP-TO-DATE
> Task :react-native-background-fetch:compileDebugJavaWithJavac UP-TO-DATE
> Task :react-native-background-fetch:bundleLibCompileToJarDebug UP-TO-DATE
> Task :react-native-biometrics:generateDebugBuildConfig UP-TO-DATE
> Task :react-native-biometrics:javaPreCompileDebug UP-TO-DATE
> Task :react-native-biometrics:compileDebugJavaWithJavac UP-TO-DATE
> Task :react-native-biometrics:bundleLibCompileToJarDebug UP-TO-DATE
> Task :react-native-community_netinfo:generateDebugBuildConfig UP-TO-DATE
> Task :react-native-community_netinfo:javaPreCompileDebug UP-TO-DATE
> Task :react-native-community_netinfo:compileDebugJavaWithJavac UP-TO-DATE
> Task :react-native-community_netinfo:bundleLibCompileToJarDebug UP-TO-DATE
> Task :react-native-document-picker:generateDebugBuildConfig UP-TO-DATE
> Task :react-native-document-picker:javaPreCompileDebug UP-TO-DATE
> Task :react-native-document-picker:compileDebugJavaWithJavac UP-TO-DATE
> Task :react-native-document-picker:bundleLibCompileToJarDebug UP-TO-DATE
> Task :react-native-encrypted-storage:generateDebugBuildConfig UP-TO-DATE
> Task :react-native-encrypted-storage:javaPreCompileDebug UP-TO-DATE
> Task :react-native-encrypted-storage:compileDebugJavaWithJavac UP-TO-DATE
> Task :react-native-encrypted-storage:bundleLibCompileToJarDebug UP-TO-DATE
> Task :react-native-gesture-handler:checkKotlinGradlePluginConfigurationErrors
> Task :react-native-gesture-handler:generateDebugBuildConfig UP-TO-DATE
> Task :react-native-reanimated:generateDebugBuildConfig UP-TO-DATE
> Task :react-native-reanimated:javaPreCompileDebug UP-TO-DATE
> Task :react-native-reanimated:packageNdkLibs NO-SOURCE
> Task :react-native-reanimated:compileDebugJavaWithJavac UP-TO-DATE
> Task :react-native-reanimated:bundleLibCompileToJarDebug UP-TO-DATE
> Task :react-native-gesture-handler:compileDebugKotlin UP-TO-DATE
> Task :react-native-gesture-handler:javaPreCompileDebug UP-TO-DATE
> Task :react-native-gesture-handler:compileDebugJavaWithJavac UP-TO-DATE
> Task :react-native-gesture-handler:bundleLibCompileToJarDebug UP-TO-DATE
> Task :react-native-haptic-feedback:generateDebugBuildConfig UP-TO-DATE
> Task :react-native-haptic-feedback:javaPreCompileDebug UP-TO-DATE
> Task :react-native-haptic-feedback:compileDebugJavaWithJavac UP-TO-DATE
> Task :react-native-haptic-feedback:bundleLibCompileToJarDebug UP-TO-DATE
> Task :react-native-keychain:generateDebugBuildConfig UP-TO-DATE
> Task :react-native-keychain:javaPreCompileDebug UP-TO-DATE
> Task :react-native-keychain:compileDebugJavaWithJavac UP-TO-DATE
> Task :react-native-keychain:bundleLibCompileToJarDebug UP-TO-DATE
> Task :react-native-safe-area-context:checkKotlinGradlePluginConfigurationErrors
> Task :react-native-safe-area-context:generateDebugBuildConfig UP-TO-DATE
> Task :react-native-safe-area-context:compileDebugKotlin UP-TO-DATE
> Task :react-native-safe-area-context:javaPreCompileDebug UP-TO-DATE
> Task :react-native-safe-area-context:compileDebugJavaWithJavac UP-TO-DATE
> Task :react-native-safe-area-context:bundleLibCompileToJarDebug UP-TO-DATE
> Task :react-native-screens:checkKotlinGradlePluginConfigurationErrors
> Task :react-native-screens:generateDebugBuildConfig UP-TO-DATE
> Task :react-native-screens:compileDebugKotlin UP-TO-DATE
> Task :react-native-screens:javaPreCompileDebug UP-TO-DATE
> Task :react-native-screens:compileDebugJavaWithJavac UP-TO-DATE
> Task :react-native-screens:bundleLibCompileToJarDebug UP-TO-DATE
> Task :react-native-vector-icons:generateDebugBuildConfig UP-TO-DATE
> Task :react-native-vector-icons:javaPreCompileDebug UP-TO-DATE
> Task :react-native-vector-icons:compileDebugJavaWithJavac UP-TO-DATE
> Task :react-native-vector-icons:bundleLibCompileToJarDebug UP-TO-DATE
> Task :react-native-webview:checkKotlinGradlePluginConfigurationErrors
> Task :react-native-webview:generateDebugBuildConfig UP-TO-DATE
> Task :react-native-webview:compileDebugKotlin UP-TO-DATE
> Task :react-native-webview:javaPreCompileDebug UP-TO-DATE
> Task :react-native-webview:compileDebugJavaWithJavac UP-TO-DATE
> Task :react-native-webview:bundleLibCompileToJarDebug UP-TO-DATE
> Task :realm:generateDebugBuildConfig UP-TO-DATE
> Task :realm:javaPreCompileDebug UP-TO-DATE
> Task :realm:compileDebugJavaWithJavac UP-TO-DATE
> Task :realm:bundleLibCompileToJarDebug UP-TO-DATE
> Task :app:compileDebugKotlin UP-TO-DATE
> Task :app:javaPreCompileDebug UP-TO-DATE
> Task :app:compileDebugJavaWithJavac UP-TO-DATE
> Task :app:mergeDebugShaders UP-TO-DATE
> Task :app:compileDebugShaders NO-SOURCE
> Task :app:generateDebugAssets UP-TO-DATE
> Task :react-native-background-fetch:mergeDebugShaders UP-TO-DATE
> Task :react-native-background-fetch:compileDebugShaders NO-SOURCE
> Task :react-native-background-fetch:generateDebugAssets UP-TO-DATE
> Task :react-native-background-fetch:packageDebugAssets UP-TO-DATE
> Task :react-native-biometrics:mergeDebugShaders UP-TO-DATE
> Task :react-native-biometrics:compileDebugShaders NO-SOURCE
> Task :react-native-biometrics:generateDebugAssets UP-TO-DATE
> Task :react-native-biometrics:packageDebugAssets UP-TO-DATE
> Task :react-native-community_netinfo:mergeDebugShaders UP-TO-DATE
> Task :react-native-community_netinfo:compileDebugShaders NO-SOURCE
> Task :react-native-community_netinfo:generateDebugAssets UP-TO-DATE
> Task :react-native-community_netinfo:packageDebugAssets UP-TO-DATE
> Task :react-native-document-picker:mergeDebugShaders UP-TO-DATE
> Task :react-native-document-picker:compileDebugShaders NO-SOURCE
> Task :react-native-document-picker:generateDebugAssets UP-TO-DATE
> Task :react-native-document-picker:packageDebugAssets UP-TO-DATE
> Task :react-native-encrypted-storage:mergeDebugShaders UP-TO-DATE
> Task :react-native-encrypted-storage:compileDebugShaders NO-SOURCE
> Task :react-native-encrypted-storage:generateDebugAssets UP-TO-DATE
> Task :react-native-encrypted-storage:packageDebugAssets UP-TO-DATE
> Task :react-native-gesture-handler:mergeDebugShaders UP-TO-DATE
> Task :react-native-gesture-handler:compileDebugShaders NO-SOURCE
> Task :react-native-gesture-handler:generateDebugAssets UP-TO-DATE
> Task :react-native-gesture-handler:packageDebugAssets UP-TO-DATE
> Task :react-native-haptic-feedback:mergeDebugShaders UP-TO-DATE
> Task :react-native-haptic-feedback:compileDebugShaders NO-SOURCE
> Task :react-native-haptic-feedback:generateDebugAssets UP-TO-DATE
> Task :react-native-haptic-feedback:packageDebugAssets UP-TO-DATE
> Task :react-native-keychain:mergeDebugShaders UP-TO-DATE
> Task :react-native-keychain:compileDebugShaders NO-SOURCE
> Task :react-native-keychain:generateDebugAssets UP-TO-DATE
> Task :react-native-keychain:packageDebugAssets UP-TO-DATE
> Task :react-native-reanimated:mergeDebugShaders UP-TO-DATE
> Task :react-native-reanimated:compileDebugShaders NO-SOURCE
> Task :react-native-reanimated:generateDebugAssets UP-TO-DATE
> Task :react-native-reanimated:packageDebugAssets UP-TO-DATE
> Task :react-native-safe-area-context:mergeDebugShaders UP-TO-DATE
> Task :react-native-safe-area-context:compileDebugShaders NO-SOURCE
> Task :react-native-safe-area-context:generateDebugAssets UP-TO-DATE
> Task :react-native-safe-area-context:packageDebugAssets UP-TO-DATE
> Task :react-native-screens:mergeDebugShaders UP-TO-DATE
> Task :react-native-screens:compileDebugShaders NO-SOURCE
> Task :react-native-screens:generateDebugAssets UP-TO-DATE
> Task :react-native-screens:packageDebugAssets UP-TO-DATE
> Task :react-native-vector-icons:mergeDebugShaders UP-TO-DATE
> Task :react-native-vector-icons:compileDebugShaders NO-SOURCE
> Task :react-native-vector-icons:generateDebugAssets UP-TO-DATE
> Task :react-native-vector-icons:packageDebugAssets UP-TO-DATE
> Task :react-native-webview:mergeDebugShaders UP-TO-DATE
> Task :react-native-webview:compileDebugShaders NO-SOURCE
> Task :react-native-webview:generateDebugAssets UP-TO-DATE
> Task :react-native-webview:packageDebugAssets UP-TO-DATE
> Task :realm:mergeDebugShaders UP-TO-DATE
> Task :realm:compileDebugShaders NO-SOURCE
> Task :realm:generateDebugAssets UP-TO-DATE
> Task :realm:packageDebugAssets UP-TO-DATE
> Task :app:mergeDebugAssets UP-TO-DATE
> Task :app:compressDebugAssets UP-TO-DATE
> Task :react-native-community_netinfo:bundleLibRuntimeToJarDebug UP-TO-DATE
> Task :react-native-background-fetch:bundleLibRuntimeToJarDebug UP-TO-DATE
> Task :react-native-biometrics:bundleLibRuntimeToJarDebug UP-TO-DATE
> Task :react-native-document-picker:bundleLibRuntimeToJarDebug UP-TO-DATE
> Task :react-native-encrypted-storage:bundleLibRuntimeToJarDebug UP-TO-DATE
> Task :react-native-gesture-handler:bundleLibRuntimeToJarDebug UP-TO-DATE
> Task :react-native-reanimated:bundleLibRuntimeToJarDebug UP-TO-DATE
> Task :react-native-haptic-feedback:bundleLibRuntimeToJarDebug UP-TO-DATE
> Task :react-native-keychain:bundleLibRuntimeToJarDebug UP-TO-DATE
> Task :react-native-safe-area-context:bundleLibRuntimeToJarDebug UP-TO-DATE
> Task :react-native-screens:bundleLibRuntimeToJarDebug UP-TO-DATE
> Task :react-native-vector-icons:bundleLibRuntimeToJarDebug UP-TO-DATE
> Task :react-native-webview:bundleLibRuntimeToJarDebug UP-TO-DATE
> Task :realm:bundleLibRuntimeToJarDebug UP-TO-DATE
> Task :app:desugarDebugFileDependencies UP-TO-DATE
> Task :app:dexBuilderDebug UP-TO-DATE
> Task :app:mergeDebugGlobalSynthetics UP-TO-DATE
> Task :app:processDebugJavaRes UP-TO-DATE
> Task :react-native-background-fetch:processDebugJavaRes NO-SOURCE
> Task :react-native-biometrics:processDebugJavaRes NO-SOURCE
> Task :react-native-community_netinfo:processDebugJavaRes NO-SOURCE
> Task :react-native-document-picker:processDebugJavaRes NO-SOURCE
> Task :react-native-encrypted-storage:processDebugJavaRes NO-SOURCE
> Task :react-native-gesture-handler:processDebugJavaRes UP-TO-DATE
> Task :react-native-haptic-feedback:processDebugJavaRes NO-SOURCE
> Task :react-native-keychain:processDebugJavaRes NO-SOURCE
> Task :react-native-reanimated:processDebugJavaRes NO-SOURCE
> Task :react-native-safe-area-context:processDebugJavaRes UP-TO-DATE
> Task :react-native-screens:processDebugJavaRes UP-TO-DATE
> Task :react-native-vector-icons:processDebugJavaRes NO-SOURCE
> Task :react-native-webview:processDebugJavaRes UP-TO-DATE
> Task :realm:processDebugJavaRes NO-SOURCE
> Task :app:mergeDebugJavaResource UP-TO-DATE
> Task :app:checkDebugDuplicateClasses UP-TO-DATE
> Task :app:mergeExtDexDebug UP-TO-DATE
> Task :app:mergeLibDexDebug UP-TO-DATE
> Task :app:mergeProjectDexDebug UP-TO-DATE
> Task :app:mergeDebugJniLibFolders UP-TO-DATE
> Task :react-native-background-fetch:mergeDebugJniLibFolders UP-TO-DATE
> Task :react-native-background-fetch:mergeDebugNativeLibs NO-SOURCE
> Task :react-native-background-fetch:copyDebugJniLibsProjectOnly UP-TO-DATE
> Task :react-native-biometrics:mergeDebugJniLibFolders UP-TO-DATE
> Task :react-native-biometrics:mergeDebugNativeLibs NO-SOURCE
> Task :react-native-biometrics:copyDebugJniLibsProjectOnly UP-TO-DATE
> Task :react-native-community_netinfo:mergeDebugJniLibFolders UP-TO-DATE
> Task :react-native-community_netinfo:mergeDebugNativeLibs NO-SOURCE
> Task :react-native-community_netinfo:copyDebugJniLibsProjectOnly UP-TO-DATE
> Task :react-native-document-picker:mergeDebugJniLibFolders UP-TO-DATE
> Task :react-native-document-picker:mergeDebugNativeLibs NO-SOURCE
> Task :react-native-document-picker:copyDebugJniLibsProjectOnly UP-TO-DATE
> Task :react-native-encrypted-storage:mergeDebugJniLibFolders UP-TO-DATE
> Task :react-native-encrypted-storage:mergeDebugNativeLibs NO-SOURCE
> Task :react-native-encrypted-storage:copyDebugJniLibsProjectOnly UP-TO-DATE
> Task :react-native-gesture-handler:mergeDebugJniLibFolders UP-TO-DATE
> Task :react-native-gesture-handler:mergeDebugNativeLibs NO-SOURCE
> Task :react-native-gesture-handler:copyDebugJniLibsProjectOnly UP-TO-DATE
> Task :react-native-haptic-feedback:mergeDebugJniLibFolders UP-TO-DATE
> Task :react-native-haptic-feedback:mergeDebugNativeLibs NO-SOURCE
> Task :react-native-haptic-feedback:copyDebugJniLibsProjectOnly UP-TO-DATE
> Task :react-native-keychain:mergeDebugJniLibFolders UP-TO-DATE
> Task :react-native-keychain:mergeDebugNativeLibs NO-SOURCE
> Task :react-native-keychain:copyDebugJniLibsProjectOnly UP-TO-DATE
> Task :react-native-reanimated:configureCMakeDebug[arm64-v8a]
> Task :react-native-reanimated:buildCMakeDebug[arm64-v8a]
> Task :react-native-reanimated:configureCMakeDebug[armeabi-v7a]
> Task :react-native-reanimated:buildCMakeDebug[armeabi-v7a]
> Task :react-native-reanimated:configureCMakeDebug[x86]
> Task :react-native-reanimated:buildCMakeDebug[x86]
> Task :react-native-reanimated:configureCMakeDebug[x86_64]
> Task :react-native-reanimated:buildCMakeDebug[x86_64]
> Task :react-native-reanimated:mergeDebugJniLibFolders UP-TO-DATE
> Task :react-native-reanimated:mergeDebugNativeLibs UP-TO-DATE
> Task :react-native-reanimated:copyDebugJniLibsProjectOnly UP-TO-DATE
> Task :react-native-safe-area-context:mergeDebugJniLibFolders UP-TO-DATE
> Task :react-native-safe-area-context:mergeDebugNativeLibs NO-SOURCE
> Task :react-native-safe-area-context:copyDebugJniLibsProjectOnly UP-TO-DATE
> Task :react-native-screens:configureCMakeDebug[arm64-v8a]
> Task :react-native-screens:buildCMakeDebug[arm64-v8a]
> Task :react-native-screens:configureCMakeDebug[armeabi-v7a]
> Task :react-native-screens:buildCMakeDebug[armeabi-v7a]
> Task :react-native-screens:configureCMakeDebug[x86]
> Task :react-native-screens:buildCMakeDebug[x86]
> Task :react-native-screens:configureCMakeDebug[x86_64]
> Task :react-native-screens:buildCMakeDebug[x86_64]
> Task :react-native-screens:mergeDebugJniLibFolders UP-TO-DATE
> Task :react-native-screens:mergeDebugNativeLibs UP-TO-DATE
> Task :react-native-screens:copyDebugJniLibsProjectOnly UP-TO-DATE
> Task :react-native-vector-icons:mergeDebugJniLibFolders UP-TO-DATE
> Task :react-native-vector-icons:mergeDebugNativeLibs NO-SOURCE
> Task :react-native-vector-icons:copyDebugJniLibsProjectOnly UP-TO-DATE
> Task :react-native-webview:mergeDebugJniLibFolders UP-TO-DATE
> Task :react-native-webview:mergeDebugNativeLibs NO-SOURCE
> Task :react-native-webview:copyDebugJniLibsProjectOnly UP-TO-DATE
> Task :realm:configureCMakeDebug[arm64-v8a]

> Task :realm:buildCMakeDebug[arm64-v8a][realm-js-android-binding] FAILED
C/C++: ninja: Entering directory `C:\projet\virtusa\Mob App\SafeNest\node_modules\realm\binding\android\.cxx\Debug\3e431r4m\arm64-v8a'
C/C++: C:\Users\chand\AppData\Local\Android\Sdk\ndk\25.1.8937393\toolchains\llvm\prebuilt\windows-x86_64\bin\clang++.exe --target=aarch64-none-linux-android23 --sysroot=C:/Users/chand/AppData/Local/Android/Sdk/ndk/25.1.8937393/toolchains/llvm/prebuilt/windows-x86_64/sysroot -DREALM_APP_SERVICES=1 -DREALM_DEBUG=1 -DREALM_ENABLE_SYNC=1 -DREALM_HAVE_EPOLL=1 -Drealm_js_android_binding_EXPORTS -I"C:/projet/virtusa/Mob App/SafeNest/node_modules/realm/binding/android/.." -I"C:/projet/virtusa/Mob App/SafeNest/node_modules/realm/binding/android/../../binding/jsi" -I"C:/projet/virtusa/Mob App/SafeNest/node_modules/realm/binding/android/../../bindgen/src" -I"C:/projet/virtusa/Mob App/SafeNest/node_modules/realm/binding/android/../../bindgen/vendor/realm-core/bindgen/src" -I"C:/projet/virtusa/Mob App/SafeNest/node_modules/react-native/ReactCommon/callinvoker" -isystem "C:/projet/virtusa/Mob App/SafeNest/node_modules/realm/prebuilds/android/arm64-v8a/include" -isystem "C:/projet/virtusa/Mob App/SafeNest/node_modules/realm/binding/android/.cxx/Debug/3e431r4m/arm64-v8a/openssl/include" -isystem C:/Users/chand/.gradle/caches/transforms-4/b49d9719325fd8ba7438c234ec2f4fa8/transformed/jetified-react-android-0.74.6-debug/prefab/modules/jsi/include -isystem C:/Users/chand/.gradle/caches/transforms-4/6ccf5e4f54df94de36e4324e063f83c0/transformed/jetified-fbjni-0.6.0/prefab/modules/fbjni/include -isystem C:/Users/chand/.gradle/caches/transforms-4/b49d9719325fd8ba7438c234ec2f4fa8/transformed/jetified-react-android-0.74.6-debug/prefab/modules/reactnativejni/include -isystem C:/Users/chand/.gradle/caches/transforms-4/b49d9719325fd8ba7438c234ec2f4fa8/transformed/jetified-react-android-0.74.6-debug/prefab/modules/turbomodulejsijni/include -g -DANDROID -fdata-sections -ffunction-sections -funwind-tables -fstack-protector-strong -no-canonical-prefixes -D_FORTIFY_SOURCE=2 -Wformat -Werror=format-security  -O2 -std=c++20 -frtti -fexceptions -Wall -fstack-protector-all -fno-limit-debug-info  -fPIC -fvisibility=hidden -pthread -MD -MT CMakeFiles/realm-js-android-binding.dir/C_/projet/virtusa/Mob_App/SafeNest/node_modules/realm/binding/jsi/CxxRealmModule.cpp.o -MF CMakeFiles\realm-js-android-binding.dir\C_\projet\virtusa\Mob_App\SafeNest\node_modules\realm\binding\jsi\CxxRealmModule.cpp.o.d -o CMakeFiles/realm-js-android-binding.dir/C_/projet/virtusa/Mob_App/SafeNest/node_modules/realm/binding/jsi/CxxRealmModule.cpp.o -c "C:/projet/virtusa/Mob App/SafeNest/node_modules/realm/binding/jsi/CxxRealmModule.cpp"
C/C++: In file included from C:/projet/virtusa/Mob App/SafeNest/node_modules/realm/binding/jsi/CxxRealmModule.cpp:1:
C/C++: C:/projet/virtusa/Mob App/SafeNest/node_modules/realm/binding/android/../../binding/jsi/CxxRealmModule.hpp:3:10: fatal error: 'ReactCommon/TurboModule.h' file not found
C/C++: #include <ReactCommon/TurboModule.h>
C/C++:          ^~~~~~~~~~~~~~~~~~~~~~~~~~~
C/C++: 1 error generated.
C/C++: C:\Users\chand\AppData\Local\Android\Sdk\ndk\25.1.8937393\toolchains\llvm\prebuilt\windows-x86_64\bin\clang++.exe --target=aarch64-none-linux-android23 --sysroot=C:/Users/chand/AppData/Local/Android/Sdk/ndk/25.1.8937393/toolchains/llvm/prebuilt/windows-x86_64/sysroot -DREALM_APP_SERVICES=1 -DREALM_DEBUG=1 -DREALM_ENABLE_SYNC=1 -DREALM_HAVE_EPOLL=1 -Drealm_js_android_binding_EXPORTS -I"C:/projet/virtusa/Mob App/SafeNest/node_modules/realm/binding/android/.." -I"C:/projet/virtusa/Mob App/SafeNest/node_modules/realm/binding/android/../../binding/jsi" -I"C:/projet/virtusa/Mob App/SafeNest/node_modules/realm/binding/android/../../bindgen/src" -I"C:/projet/virtusa/Mob App/SafeNest/node_modules/realm/binding/android/../../bindgen/vendor/realm-core/bindgen/src" -I"C:/projet/virtusa/Mob App/SafeNest/node_modules/react-native/ReactCommon/callinvoker" -isystem "C:/projet/virtusa/Mob App/SafeNest/node_modules/realm/prebuilds/android/arm64-v8a/include" -isystem "C:/projet/virtusa/Mob App/SafeNest/node_modules/realm/binding/android/.cxx/Debug/3e431r4m/arm64-v8a/openssl/include" -isystem C:/Users/chand/.gradle/caches/transforms-4/b49d9719325fd8ba7438c234ec2f4fa8/transformed/jetified-react-android-0.74.6-debug/prefab/modules/jsi/include -isystem C:/Users/chand/.gradle/caches/transforms-4/6ccf5e4f54df94de36e4324e063f83c0/transformed/jetified-fbjni-0.6.0/prefab/modules/fbjni/include -isystem C:/Users/chand/.gradle/caches/transforms-4/b49d9719325fd8ba7438c234ec2f4fa8/transformed/jetified-react-android-0.74.6-debug/prefab/modules/reactnativejni/include -isystem C:/Users/chand/.gradle/caches/transforms-4/b49d9719325fd8ba7438c234ec2f4fa8/transformed/jetified-react-android-0.74.6-debug/prefab/modules/turbomodulejsijni/include -g -DANDROID -fdata-sections -ffunction-sections -funwind-tables -fstack-protector-strong -no-canonical-prefixes -D_FORTIFY_SOURCE=2 -Wformat -Werror=format-security  -O2 -std=c++20 -frtti -fexceptions -Wall -fstack-protector-all -fno-limit-debug-info  -fPIC -fvisibility=hidden -pthread -MD -MT CMakeFiles/realm-js-android-binding.dir/src/main/cpp/io_realm_react_RealmReactPackage.cpp.o -MF CMakeFiles\realm-js-android-binding.dir\src\main\cpp\io_realm_react_RealmReactPackage.cpp.o.d -o CMakeFiles/realm-js-android-binding.dir/src/main/cpp/io_realm_react_RealmReactPackage.cpp.o -c "C:/projet/virtusa/Mob App/SafeNest/node_modules/realm/binding/android/src/main/cpp/io_realm_react_RealmReactPackage.cpp"
C/C++: C:/projet/virtusa/Mob App/SafeNest/node_modules/realm/binding/android/src/main/cpp/io_realm_react_RealmReactPackage.cpp:21:10: fatal error: 'ReactCommon/CxxTurboModuleUtils.h' file not found
C/C++: #include <ReactCommon/CxxTurboModuleUtils.h>
C/C++:          ^~~~~~~~~~~~~~~~~~~~~~~~~~~~~~~~~~~
C/C++: 1 error generated.

FAILURE: Build failed with an exception.

* What went wrong:
Execution failed for task ':realm:buildCMakeDebug[arm64-v8a][realm-js-android-binding]'.
> com.android.ide.common.process.ProcessException: ninja: Entering directory `C:\projet\virtusa\Mob App\SafeNest\node_modules\realm\binding\android\.cxx\Debug\3e431r4m\arm64-v8a'
  [1/3] Building CXX object CMakeFiles/realm-js-android-binding.dir/C_/projet/virtusa/Mob_App/SafeNest/node_modules/realm/binding/jsi/CxxRealmModule.cpp.o
  FAILED: CMakeFiles/realm-js-android-binding.dir/C_/projet/virtusa/Mob_App/SafeNest/node_modules/realm/binding/jsi/CxxRealmModule.cpp.o 
  C:\Users\chand\AppData\Local\Android\Sdk\ndk\25.1.8937393\toolchains\llvm\prebuilt\windows-x86_64\bin\clang++.exe --target=aarch64-none-linux-android23 --sysroot=C:/Users/chand/AppData/Local/Android/Sdk/ndk/25.1.8937393/toolchains/llvm/prebuilt/windows-x86_64/sysroot -DREALM_APP_SERVICES=1 -DREALM_DEBUG=1 -DREALM_ENABLE_SYNC=1 -DREALM_HAVE_EPOLL=1 -Drealm_js_android_binding_EXPORTS -I"C:/projet/virtusa/Mob App/SafeNest/node_modules/realm/binding/android/.." -I"C:/projet/virtusa/Mob App/SafeNest/node_modules/realm/binding/android/../../binding/jsi" -I"C:/projet/virtusa/Mob App/SafeNest/node_modules/realm/binding/android/../../bindgen/src" -I"C:/projet/virtusa/Mob App/SafeNest/node_modules/realm/binding/android/../../bindgen/vendor/realm-core/bindgen/src" -I"C:/projet/virtusa/Mob App/SafeNest/node_modules/react-native/ReactCommon/callinvoker" -isystem "C:/projet/virtusa/Mob App/SafeNest/node_modules/realm/prebuilds/android/arm64-v8a/include" -isystem "C:/projet/virtusa/Mob App/SafeNest/node_modules/realm/binding/android/.cxx/Debug/3e431r4m/arm64-v8a/openssl/include" -isystem C:/Users/chand/.gradle/caches/transforms-4/b49d9719325fd8ba7438c234ec2f4fa8/transformed/jetified-react-android-0.74.6-debug/prefab/modules/jsi/include -isystem C:/Users/chand/.gradle/caches/transforms-4/6ccf5e4f54df94de36e4324e063f83c0/transformed/jetified-fbjni-0.6.0/prefab/modules/fbjni/include -isystem C:/Users/chand/.gradle/caches/transforms-4/b49d9719325fd8ba7438c234ec2f4fa8/transformed/jetified-react-android-0.74.6-debug/prefab/modules/reactnativejni/include -isystem C:/Users/chand/.gradle/caches/transforms-4/b49d9719325fd8ba7438c234ec2f4fa8/transformed/jetified-react-android-0.74.6-debug/prefab/modules/turbomodulejsijni/include -g -DANDROID -fdata-sections -ffunction-sections -funwind-tables -fstack-protector-strong -no-canonical-prefixes -D_FORTIFY_SOURCE=2 -Wformat -Werror=format-security  -O2 -std=c++20 -frtti -fexceptions -Wall -fstack-protector-all -fno-limit-debug-info  -fPIC -fvisibility=hidden -pthread -MD -MT CMakeFiles/realm-js-android-binding.dir/C_/projet/virtusa/Mob_App/SafeNest/node_modules/realm/binding/jsi/CxxRealmModule.cpp.o -MF CMakeFiles\realm-js-android-binding.dir\C_\projet\virtusa\Mob_App\SafeNest\node_modules\realm\binding\jsi\CxxRealmModule.cpp.o.d -o CMakeFiles/realm-js-android-binding.dir/C_/projet/virtusa/Mob_App/SafeNest/node_modules/realm/binding/jsi/CxxRealmModule.cpp.o -c "C:/projet/virtusa/Mob App/SafeNest/node_modules/realm/binding/jsi/CxxRealmModule.cpp"
  In file included from C:/projet/virtusa/Mob App/SafeNest/node_modules/realm/binding/jsi/CxxRealmModule.cpp:1:
  C:/projet/virtusa/Mob App/SafeNest/node_modules/realm/binding/android/../../binding/jsi/CxxRealmModule.hpp:3:10: fatal error: 'ReactCommon/TurboModule.h' file not found
  #include <ReactCommon/TurboModule.h>
           ^~~~~~~~~~~~~~~~~~~~~~~~~~~
  1 error generated.
  [2/3] Building CXX object CMakeFiles/realm-js-android-binding.dir/src/main/cpp/io_realm_react_RealmReactPackage.cpp.o
  FAILED: CMakeFiles/realm-js-android-binding.dir/src/main/cpp/io_realm_react_RealmReactPackage.cpp.o 
  C:\Users\chand\AppData\Local\Android\Sdk\ndk\25.1.8937393\toolchains\llvm\prebuilt\windows-x86_64\bin\clang++.exe --target=aarch64-none-linux-android23 --sysroot=C:/Users/chand/AppData/Local/Android/Sdk/ndk/25.1.8937393/toolchains/llvm/prebuilt/windows-x86_64/sysroot -DREALM_APP_SERVICES=1 -DREALM_DEBUG=1 -DREALM_ENABLE_SYNC=1 -DREALM_HAVE_EPOLL=1 -Drealm_js_android_binding_EXPORTS -I"C:/projet/virtusa/Mob App/SafeNest/node_modules/realm/binding/android/.." -I"C:/projet/virtusa/Mob App/SafeNest/node_modules/realm/binding/android/../../binding/jsi" -I"C:/projet/virtusa/Mob App/SafeNest/node_modules/realm/binding/android/../../bindgen/src" -I"C:/projet/virtusa/Mob App/SafeNest/node_modules/realm/binding/android/../../bindgen/vendor/realm-core/bindgen/src" -I"C:/projet/virtusa/Mob App/SafeNest/node_modules/react-native/ReactCommon/callinvoker" -isystem "C:/projet/virtusa/Mob App/SafeNest/node_modules/realm/prebuilds/android/arm64-v8a/include" -isystem "C:/projet/virtusa/Mob App/SafeNest/node_modules/realm/binding/android/.cxx/Debug/3e431r4m/arm64-v8a/openssl/include" -isystem C:/Users/chand/.gradle/caches/transforms-4/b49d9719325fd8ba7438c234ec2f4fa8/transformed/jetified-react-android-0.74.6-debug/prefab/modules/jsi/include -isystem C:/Users/chand/.gradle/caches/transforms-4/6ccf5e4f54df94de36e4324e063f83c0/transformed/jetified-fbjni-0.6.0/prefab/modules/fbjni/include -isystem C:/Users/chand/.gradle/caches/transforms-4/b49d9719325fd8ba7438c234ec2f4fa8/transformed/jetified-react-android-0.74.6-debug/prefab/modules/reactnativejni/include -isystem C:/Users/chand/.gradle/caches/transforms-4/b49d9719325fd8ba7438c234ec2f4fa8/transformed/jetified-react-android-0.74.6-debug/prefab/modules/turbomodulejsijni/include -g -DANDROID -fdata-sections -ffunction-sections -funwind-tables -fstack-protector-strong -no-canonical-prefixes -D_FORTIFY_SOURCE=2 -Wformat -Werror=format-security  -O2 -std=c++20 -frtti -fexceptions -Wall -fstack-protector-all -fno-limit-debug-info  -fPIC -fvisibility=hidden -pthread -MD -MT CMakeFiles/realm-js-android-binding.dir/src/main/cpp/io_realm_react_RealmReactPackage.cpp.o -MF CMakeFiles\realm-js-android-binding.dir\src\main\cpp\io_realm_react_RealmReactPackage.cpp.o.d -o CMakeFiles/realm-js-android-binding.dir/src/main/cpp/io_realm_react_RealmReactPackage.cpp.o -c "C:/projet/virtusa/Mob App/SafeNest/node_modules/realm/binding/android/src/main/cpp/io_realm_react_RealmReactPackage.cpp"
  C:/projet/virtusa/Mob App/SafeNest/node_modules/realm/binding/android/src/main/cpp/io_realm_react_RealmReactPackage.cpp:21:10: fatal error: 'ReactCommon/CxxTurboModuleUtils.h' file not found
  #include <ReactCommon/CxxTurboModuleUtils.h>
           ^~~~~~~~~~~~~~~~~~~~~~~~~~~~~~~~~~~
  1 error generated.
  ninja: build stopped: subcommand failed.
  
  C++ build system [build] failed while executing:
      @echo off
      "C:\\Users\\chand\\AppData\\Local\\Android\\Sdk\\cmake\\3.22.1\\bin\\ninja.exe" ^
        -C ^
        "C:\\projet\\virtusa\\Mob App\\SafeNest\\node_modules\\realm\\binding\\android\\.cxx\\Debug\\3e431r4m\\arm64-v8a" ^
        realm-js-android-binding
    from C:\projet\virtusa\Mob App\SafeNest\node_modules\realm\binding\android

* Try:
> Run with --stacktrace option to get the stack trace.
> Run with --info or --debug option to get more log output.
> Run with --scan to get full insights.
> Get more help at https://help.gradle.org.

BUILD FAILED in 25s
306 actionable tasks: 25 executed, 281 up-to-date
