> Task :gradle-plugin:react-native-gradle-plugin:checkKotlinGradlePluginConfigurationErrors
> Task :gradle-plugin:react-native-gradle-plugin:compileKotlin UP-TO-DATE
> Task :gradle-plugin:react-native-gradle-plugin:compileJava NO-SOURCE
> Task :gradle-plugin:react-native-gradle-plugin:pluginDescriptors UP-TO-DATE
> Task :gradle-plugin:react-native-gradle-plugin:processResources UP-TO-DATE
> Task :gradle-plugin:react-native-gradle-plugin:classes UP-TO-DATE
> Task :gradle-plugin:react-native-gradle-plugin:jar UP-TO-DATE
> Task :app:generateCodegenSchemaFromJavaScript SKIPPED
> Task :app:generateCodegenArtifactsFromSchema SKIPPED
> Task :app:generatePackageList
> Task :app:preBuild
> Task :app:preDebugBuild
> Task :app:mergeDebugNativeDebugMetadata NO-SOURCE
> Task :app:checkKotlinGradlePluginConfigurationErrors
> Task :app:generateDebugBuildConfig UP-TO-DATE
> Task :react-native-background-fetch:preBuild UP-TO-DATE
> Task :react-native-background-fetch:preDebugBuild UP-TO-DATE
> Task :react-native-background-fetch:writeDebugAarMetadata UP-TO-DATE
> Task :react-native-biometrics:preBuild UP-TO-DATE
> Task :react-native-biometrics:preDebugBuild UP-TO-DATE
> Task :react-native-biometrics:writeDebugAarMetadata UP-TO-DATE
> Task :react-native-community_netinfo:preBuild UP-TO-DATE
> Task :react-native-community_netinfo:preDebugBuild UP-TO-DATE
> Task :react-native-community_netinfo:writeDebugAarMetadata UP-TO-DATE
> Task :react-native-document-picker:preBuild UP-TO-DATE
> Task :react-native-document-picker:preDebugBuild UP-TO-DATE
> Task :react-native-document-picker:writeDebugAarMetadata UP-TO-DATE
> Task :react-native-encrypted-storage:preBuild UP-TO-DATE
> Task :react-native-encrypted-storage:preDebugBuild UP-TO-DATE
> Task :react-native-encrypted-storage:writeDebugAarMetadata UP-TO-DATE
> Task :react-native-gesture-handler:preBuild UP-TO-DATE
> Task :react-native-gesture-handler:preDebugBuild UP-TO-DATE
> Task :react-native-gesture-handler:writeDebugAarMetadata UP-TO-DATE
> Task :react-native-haptic-feedback:preBuild UP-TO-DATE
> Task :react-native-haptic-feedback:preDebugBuild UP-TO-DATE
> Task :react-native-haptic-feedback:writeDebugAarMetadata UP-TO-DATE
> Task :react-native-keychain:preBuild UP-TO-DATE
> Task :react-native-keychain:preDebugBuild UP-TO-DATE
> Task :react-native-keychain:writeDebugAarMetadata UP-TO-DATE
> Task :react-native-reanimated:assertMinimalReactNativeVersionTask FAILED

FAILURE: Build failed with an exception.

* Where:
Build file 'C:\projet\virtusa\Mob App\SafeNest\node_modules\react-native-reanimated\android\build.gradle' line: 278

* What went wrong:
Execution failed for task ':react-native-reanimated:assertMinimalReactNativeVersionTask'.
> [Reanimated] Your installed version of React Native (0.74.6) is not compatible with installed version of Reanimated (4.2.2). See the documentation for the list of supported versions: https://docs.swmansion.com/react-native-reanimated/docs/guides/compatibility/

* Try:
> Run with --stacktrace option to get the stack trace.
> Run with --info or --debug option to get more log output.
> Run with --scan to get full insights.
> Get more help at https://help.gradle.org.

BUILD FAILED in 17s
17 actionable tasks: 4 executed, 13 up-to-date
