> Task :gradle-plugin:react-native-gradle-plugin:checkKotlinGradlePluginConfigurationErrors
> Task :gradle-plugin:react-native-gradle-plugin:compileKotlin UP-TO-DATE
> Task :gradle-plugin:react-native-gradle-plugin:compileJava NO-SOURCE
> Task :gradle-plugin:react-native-gradle-plugin:pluginDescriptors UP-TO-DATE
> Task :gradle-plugin:react-native-gradle-plugin:processResources UP-TO-DATE
> Task :gradle-plugin:react-native-gradle-plugin:classes UP-TO-DATE
> Task :gradle-plugin:react-native-gradle-plugin:jar UP-TO-DATE

FAILURE: Build failed with an exception.

* Where:
Build file 'C:\projet\virtusa\Mob App\SafeNest\node_modules\react-native-reanimated\android\build.gradle' line: 342

* What went wrong:
A problem occurred evaluating project ':react-native-reanimated'.
> [Reanimated] `react-native-worklets` library not found. Please install it as a dependency in your project. Install `react-native-worklets` with your package manager, i.e. `yarn add react-native-worklets` or `npm i react-native-worklets`. Read the documentation for more details: https://docs.swmansion.com/react-native-reanimated/docs/guides/troubleshooting#unable-to-find-a-specification-for-rnworklets-depended-upon-by-rnreanimated

* Try:
> Run with --stacktrace option to get the stack trace.
> Run with --info or --debug option to get more log output.
> Run with --scan to get full insights.
> Get more help at https://help.gradle.org.

BUILD FAILED in 9s
5 actionable tasks: 1 executed, 4 up-to-date
